Using pre-set license
Built from '2020.3/release' branch; Version is '2020.3.27f1 (e759542391ea) revision 15161684'; Using compiler version '192528614'; Build Type 'Release'
OS: 'Windows 10  (10.0.19045) 64bit Professional' Language: 'en' Physical Memory: 32603 MB
BatchMode: 1, IsHumanControllingUs: 0, StartBugReporterOnCrash: 0, Is64bit: 1, IsPro: 0

COMMAND LINE ARGUMENTS:
C:\Program Files\Unity\Hub\Editor\2020.3.27f1\Editor\Unity.exe
-adb2
-batchMode
-noUpm
-name
AssetImportWorker0
-projectPath
E:/PROJEKTY/UNITY/Render Clicker
-logFile
Logs/AssetImportWorker0.log
-srvPort
51059
Successfully changed project path to: E:/PROJEKTY/UNITY/Render Clicker
E:/PROJEKTY/UNITY/Render Clicker
Using Asset Import Pipeline V2.
Refreshing native plugins compatible for Editor in 65.01 ms, found 2 plugins.
Preloading 0 native plugins for Editor in 0.00 ms.
Initialize engine version: 2020.3.27f1 (e759542391ea)
[Subsystems] Discovering subsystems at path C:/Program Files/Unity/Hub/Editor/2020.3.27f1/Editor/Data/Resources/UnitySubsystems
[Subsystems] Discovering subsystems at path E:/PROJEKTY/UNITY/Render Clicker/Assets
GfxDevice: creating device client; threaded=0
Direct3D:
    Version:  Direct3D 11.0 [level 11.1]
    Renderer: NVIDIA GeForce RTX 4090 (ID=0x2684)
    Vendor:   
    VRAM:     24142 MB
    Driver:   31.0.15.5244
Initialize mono
Mono path[0] = 'C:/Program Files/Unity/Hub/Editor/2020.3.27f1/Editor/Data/Managed'
Mono path[1] = 'C:/Program Files/Unity/Hub/Editor/2020.3.27f1/Editor/Data/MonoBleedingEdge/lib/mono/unityjit'
Mono config path = 'C:/Program Files/Unity/Hub/Editor/2020.3.27f1/Editor/Data/MonoBleedingEdge/etc'
Using monoOptions --debugger-agent=transport=dt_socket,embedding=1,server=y,suspend=n,address=127.0.0.1:56316
Begin MonoManager ReloadAssembly
Registering precompiled unity dll's ...
Register platform support module: C:/Program Files/Unity/Hub/Editor/2020.3.27f1/Editor/Data/PlaybackEngines/WindowsStandaloneSupport/UnityEditor.WindowsStandalone.Extensions.dll
Registered in 0.001895 seconds.
Native extension for WindowsStandalone target not found
Refreshing native plugins compatible for Editor in 54.73 ms, found 2 plugins.
Preloading 0 native plugins for Editor in 0.00 ms.
Mono: successfully reloaded assembly
- Completed reload, in  0.464 seconds
Domain Reload Profiling:
	ReloadAssembly (464ms)
		BeginReloadAssembly (33ms)
			ExecutionOrderSort (0ms)
			DisableScriptedObjects (0ms)
			BackupInstance (0ms)
			ReleaseScriptingObjects (0ms)
			CreateAndSetChildDomain (0ms)
		EndReloadAssembly (377ms)
			LoadAssemblies (33ms)
			RebuildTransferFunctionScriptingTraits (0ms)
			SetupTypeCache (111ms)
			ReleaseScriptCaches (0ms)
			RebuildScriptCaches (23ms)
			SetupLoadedEditorAssemblies (156ms)
				LogAssemblyErrors (0ms)
				InitializePlatformSupportModulesInManaged (4ms)
				SetLoadedEditorAssemblies (0ms)
				RefreshPlugins (55ms)
				BeforeProcessingInitializeOnLoad (7ms)
				ProcessInitializeOnLoadAttributes (66ms)
				ProcessInitializeOnLoadMethodAttributes (24ms)
				AfterProcessingInitializeOnLoad (0ms)
				EditorAssembliesLoaded (0ms)
			ExecutionOrderSort2 (0ms)
			AwakeInstancesAfterBackupRestoration (0ms)
Platform modules already initialized, skipping
Registering precompiled user dll's ...
Registered in 0.004533 seconds.
Begin MonoManager ReloadAssembly
Native extension for WindowsStandalone target not found
Refreshing native plugins compatible for Editor in 57.14 ms, found 2 plugins.
Preloading 0 native plugins for Editor in 0.00 ms.
Mono: successfully reloaded assembly
- Completed reload, in  1.108 seconds
Domain Reload Profiling:
	ReloadAssembly (1109ms)
		BeginReloadAssembly (105ms)
			ExecutionOrderSort (0ms)
			DisableScriptedObjects (4ms)
			BackupInstance (0ms)
			ReleaseScriptingObjects (0ms)
			CreateAndSetChildDomain (16ms)
		EndReloadAssembly (955ms)
			LoadAssemblies (81ms)
			RebuildTransferFunctionScriptingTraits (0ms)
			SetupTypeCache (249ms)
			ReleaseScriptCaches (0ms)
			RebuildScriptCaches (46ms)
			SetupLoadedEditorAssemblies (334ms)
				LogAssemblyErrors (0ms)
				InitializePlatformSupportModulesInManaged (2ms)
				SetLoadedEditorAssemblies (0ms)
				RefreshPlugins (57ms)
				BeforeProcessingInitializeOnLoad (72ms)
				ProcessInitializeOnLoadAttributes (163ms)
				ProcessInitializeOnLoadMethodAttributes (33ms)
				AfterProcessingInitializeOnLoad (6ms)
				EditorAssembliesLoaded (0ms)
			ExecutionOrderSort2 (0ms)
			AwakeInstancesAfterBackupRestoration (5ms)
Platform modules already initialized, skipping
========================================================================
Worker process is ready to serve import requests
Launched and connected shader compiler UnityShaderCompiler.exe after 0.03 seconds
Refreshing native plugins compatible for Editor in 0.70 ms, found 2 plugins.
Preloading 0 native plugins for Editor in 0.00 ms.
Unloading 3689 Unused Serialized files (Serialized files now loaded: 0)
System memory in use before: 150.3 MB.
System memory in use after: 150.6 MB.

Unloading 102 unused Assets to reduce memory usage. Loaded Objects now: 4053.
Total: 3.575400 ms (FindLiveObjects: 0.141900 ms CreateObjectMapping: 0.040200 ms MarkObjects: 3.310100 ms  DeleteObjects: 0.082500 ms)

AssetImportParameters requested are different than current active one (requested -> active):
  custom:framework-win-MediaFoundation: 216162199b28c13a410421893ffa2e32 -> 
  custom:video-decoder-ogg-theora: a1e56fd34408186e4bbccfd4996cb3dc -> 
  custom:container-muxer-webm: aa71ff27fc2769a1b78a27578f13a17b -> 
  custom:container-demuxer-webm: 4f35f7cbe854078d1ac9338744f61a02 -> 
  custom:container-demuxer-ogg: 62fdf1f143b41e24485cea50d1cbac27 -> 
  custom:video-encoder-webm-vp8: eb34c28f22e8b96e1ab97ce403110664 -> 
  custom:video-decoder-webm-vp8: 9c59270c3fd7afecdb556c50c9e8de78 -> 
  custom:audio-decoder-ogg-vorbis: bf7c407c2cedff20999df2af8eb42d56 -> 
  custom:audio-encoder-webm-vorbis: bf7c407c2cedff20999df2af8eb42d56 -> 
========================================================================
Received Import Request.
  path: Assets/DOTTY.TTF
  artifactKey: Guid(4a3c949e512ba8645b99c8213e595a3a) Importer(815301076,1909f56bfc062723c751e8b465ee728b)
Start importing Assets/DOTTY.TTF using Guid(4a3c949e512ba8645b99c8213e595a3a) Importer(815301076,1909f56bfc062723c751e8b465ee728b)  -> (artifact id: 'a65e7b970dae1a1439dbedc4451e8894') in 0.163949 seconds 
  Import took 0.167990 seconds .

========================================================================
Received Import Request.
  Time since last request: 0.000139 seconds.
  path: Assets/clicker.mp3
  artifactKey: Guid(8f6564488e5432844bd948f8440e66c8) Importer(815301076,1909f56bfc062723c751e8b465ee728b)
Start importing Assets/clicker.mp3 using Guid(8f6564488e5432844bd948f8440e66c8) Importer(815301076,1909f56bfc062723c751e8b465ee728b)  -> (artifact id: '0905c821f90b341f77bf166b0b3a9ba6') in 0.041173 seconds 
  Import took 0.045111 seconds .

========================================================================
Received Import Request.
  Time since last request: 0.000126 seconds.
  path: Assets/New 2D Renderer Data.asset
  artifactKey: Guid(1bb75103d62549d41b0f547a3a9316e8) Importer(815301076,1909f56bfc062723c751e8b465ee728b)
Start importing Assets/New 2D Renderer Data.asset using Guid(1bb75103d62549d41b0f547a3a9316e8) Importer(815301076,1909f56bfc062723c751e8b465ee728b)  -> (artifact id: 'f721cf002a1be8565ce3dc2b41bf5e2a') in 0.008074 seconds 
  Import took 0.011978 seconds .

========================================================================
Received Import Request.
  Time since last request: 0.000098 seconds.
  path: Assets/buttons.mp3
  artifactKey: Guid(5fcad41d185087a45ad23ba0b8a17665) Importer(815301076,1909f56bfc062723c751e8b465ee728b)
Start importing Assets/buttons.mp3 using Guid(5fcad41d185087a45ad23ba0b8a17665) Importer(815301076,1909f56bfc062723c751e8b465ee728b)  -> (artifact id: '1680d7c63aa7e2540eac9e000e48d61e') in 0.009379 seconds 
  Import took 0.013286 seconds .

========================================================================
Received Import Request.
  Time since last request: 0.000138 seconds.
  path: Assets/PIXELFJVERDANA12PT.TTF
  artifactKey: Guid(5601651dd05552446a51ec2069e6764a) Importer(815301076,1909f56bfc062723c751e8b465ee728b)
Start importing Assets/PIXELFJVERDANA12PT.TTF using Guid(5601651dd05552446a51ec2069e6764a) Importer(815301076,1909f56bfc062723c751e8b465ee728b)  -> (artifact id: '41c096bafb9a9b95b1a8e4436886d9d1') in 0.012874 seconds 
  Import took 0.016801 seconds .

========================================================================
Received Import Request.
  Time since last request: 0.000151 seconds.
  path: Assets/SimpleBG.mp3
  artifactKey: Guid(c7b80c16e5eb473469d68179d95037fa) Importer(815301076,1909f56bfc062723c751e8b465ee728b)
Start importing Assets/SimpleBG.mp3 using Guid(c7b80c16e5eb473469d68179d95037fa) Importer(815301076,1909f56bfc062723c751e8b465ee728b)  -> (artifact id: 'd5d6db6d8f10f54fe1d65bfe6bd47d95') in 0.009777 seconds 
  Import took 0.013928 seconds .

========================================================================
Received Import Request.
  Time since last request: 0.000106 seconds.
  path: Assets/BG Music.wav
  artifactKey: Guid(a57e72e411055e64ca4d9024e260689b) Importer(815301076,1909f56bfc062723c751e8b465ee728b)
Start importing Assets/BG Music.wav using Guid(a57e72e411055e64ca4d9024e260689b) Importer(815301076,1909f56bfc062723c751e8b465ee728b)  -> (artifact id: '8ce381ed18fe285ecb83356fb3cc3290') in 0.010293 seconds 
  Import took 0.014274 seconds .

========================================================================
Received Import Request.
  Time since last request: 0.000113 seconds.
  path: Assets/lolz0003.tif
  artifactKey: Guid(64dac1857c51b97439544cf74002e645) Importer(815301076,1909f56bfc062723c751e8b465ee728b)
Start importing Assets/lolz0003.tif using Guid(64dac1857c51b97439544cf74002e645) Importer(815301076,1909f56bfc062723c751e8b465ee728b)  -> (artifact id: 'd7b166a5c586aa5368f2ff7120713394') in 0.023289 seconds 
  Import took 0.027258 seconds .

========================================================================
Received Import Request.
  Time since last request: 0.000123 seconds.
  path: Assets/Click.prefab
  artifactKey: Guid(92240f1a7dc3ff64ab02cfec45cf3f2f) Importer(815301076,1909f56bfc062723c751e8b465ee728b)
Start importing Assets/Click.prefab using Guid(92240f1a7dc3ff64ab02cfec45cf3f2f) Importer(815301076,1909f56bfc062723c751e8b465ee728b)  -> (artifact id: 'c2666170c438dc01847559c390cb6847') in 0.016372 seconds 
  Import took 0.020534 seconds .

========================================================================
Received Import Request.
  Time since last request: 0.000113 seconds.
  path: Assets/shop button.mp3
  artifactKey: Guid(6787d1984bf0f0941850fdc247417ea1) Importer(815301076,1909f56bfc062723c751e8b465ee728b)
Start importing Assets/shop button.mp3 using Guid(6787d1984bf0f0941850fdc247417ea1) Importer(815301076,1909f56bfc062723c751e8b465ee728b)  -> (artifact id: '3514ee8bf67a4ee6018af4bb5a46f747') in 0.013329 seconds 
  Import took 0.017255 seconds .

========================================================================
Received Import Request.
  Time since last request: 0.000112 seconds.
  path: Assets/UniversalRenderPipelineAsset.asset
  artifactKey: Guid(b858290e199b38448859ff539a3e4832) Importer(815301076,1909f56bfc062723c751e8b465ee728b)
Start importing Assets/UniversalRenderPipelineAsset.asset using Guid(b858290e199b38448859ff539a3e4832) Importer(815301076,1909f56bfc062723c751e8b465ee728b)  -> (artifact id: '964f619f9323691329320b02adae9a3a') in 0.006500 seconds 
  Import took 0.010508 seconds .

========================================================================
Received Import Request.
  Time since last request: 0.000122 seconds.
  path: Assets/UniversalRenderPipelineAsset_Renderer.asset
  artifactKey: Guid(4fe0beb79a052c74384b6f2e8ea26f53) Importer(815301076,1909f56bfc062723c751e8b465ee728b)
Start importing Assets/UniversalRenderPipelineAsset_Renderer.asset using Guid(4fe0beb79a052c74384b6f2e8ea26f53) Importer(815301076,1909f56bfc062723c751e8b465ee728b)  -> (artifact id: 'cd7fa8214f8f81f5eff458690e0851ad') in 0.006724 seconds 
  Import took 0.010770 seconds .

========================================================================
Received Import Request.
  Time since last request: 0.039684 seconds.
  path: Assets/Plugins
  artifactKey: Guid(cbde64d36fd994c458fffca9e931b232) Importer(815301076,1909f56bfc062723c751e8b465ee728b)
Start importing Assets/Plugins using Guid(cbde64d36fd994c458fffca9e931b232) Importer(815301076,1909f56bfc062723c751e8b465ee728b)  -> (artifact id: '665386af016f0c1e525ae876f32721b4') in 0.006155 seconds 
  Import took 0.010964 seconds .

========================================================================
Received Import Request.
  Time since last request: 0.588875 seconds.
  path: Assets/Prefabs
  artifactKey: Guid(3646e59b22747c044ad6bc2111f22cd7) Importer(815301076,1909f56bfc062723c751e8b465ee728b)
Start importing Assets/Prefabs using Guid(3646e59b22747c044ad6bc2111f22cd7) Importer(815301076,1909f56bfc062723c751e8b465ee728b)  -> (artifact id: '6a483f9b84570e6018f1ac77824c2cb7') in 0.006225 seconds 
  Import took 0.010843 seconds .

========================================================================
Received Import Request.
  Time since last request: 8.734193 seconds.
  path: Assets/Sceny
  artifactKey: Guid(9bb06ed5084270446ad0900eaf9c5c50) Importer(815301076,1909f56bfc062723c751e8b465ee728b)
Start importing Assets/Sceny using Guid(9bb06ed5084270446ad0900eaf9c5c50) Importer(815301076,1909f56bfc062723c751e8b465ee728b)  -> (artifact id: '3a0d6b0a7428f1de8951e9e73bcbf2aa') in 0.006243 seconds 
  Import took 0.011061 seconds .

========================================================================
Received Import Request.
  Time since last request: 23.590142 seconds.
  path: Assets/Sceny/Preload.unity
  artifactKey: Guid(8a2d182794b4b574e92adf87a4569d53) Importer(815301076,1909f56bfc062723c751e8b465ee728b)
Start importing Assets/Sceny/Preload.unity using Guid(8a2d182794b4b574e92adf87a4569d53) Importer(815301076,1909f56bfc062723c751e8b465ee728b)  -> (artifact id: 'c99249db9ee38c037ec906811c48664f') in 0.006561 seconds 
  Import took 0.011216 seconds .

========================================================================
Received Import Request.
  Time since last request: 11.526072 seconds.
  path: Assets/Sceny/1440x2560Settings.lighting
  artifactKey: Guid(79d99440808b55c458d06ed5a904c17a) Importer(815301076,1909f56bfc062723c751e8b465ee728b)
Start importing Assets/Sceny/1440x2560Settings.lighting using Guid(79d99440808b55c458d06ed5a904c17a) Importer(815301076,1909f56bfc062723c751e8b465ee728b)  -> (artifact id: '15ec1c063c4e7fa6705fdbce596513b7') in 0.007154 seconds 
  Import took 0.011910 seconds .

========================================================================
Received Import Request.
  Time since last request: 0.355837 seconds.
  path: Assets/Sceny/1440x2960.unity
  artifactKey: Guid(981e4c5acd58a524f9a00d3e788d1365) Importer(815301076,1909f56bfc062723c751e8b465ee728b)
Start importing Assets/Sceny/1440x2960.unity using Guid(981e4c5acd58a524f9a00d3e788d1365) Importer(815301076,1909f56bfc062723c751e8b465ee728b)  -> (artifact id: '53eb461110d40bd0415bcc27f4faf034') in 0.006263 seconds 
  Import took 0.010847 seconds .

========================================================================
Received Import Request.
  Time since last request: 0.516428 seconds.
  path: Assets/Sceny/1440x2960Settings.lighting
  artifactKey: Guid(2f4d67958733b2743a20de3ad8082ecd) Importer(815301076,1909f56bfc062723c751e8b465ee728b)
Start importing Assets/Sceny/1440x2960Settings.lighting using Guid(2f4d67958733b2743a20de3ad8082ecd) Importer(815301076,1909f56bfc062723c751e8b465ee728b)  -> (artifact id: 'a7970c19b14439946d280eebaf94ff68') in 0.006318 seconds 
  Import took 0.010957 seconds .

========================================================================
Received Import Request.
  Time since last request: 0.944964 seconds.
  path: Assets/Sceny/750x1334.unity
  artifactKey: Guid(d8920823b79d5df44aaedf528f7b02cc) Importer(815301076,1909f56bfc062723c751e8b465ee728b)
Start importing Assets/Sceny/750x1334.unity using Guid(d8920823b79d5df44aaedf528f7b02cc) Importer(815301076,1909f56bfc062723c751e8b465ee728b)  -> (artifact id: '61a62a3efe5ade9b3fd352bc8a830048') in 0.006361 seconds 
  Import took 0.010908 seconds .

========================================================================
Received Import Request.
  Time since last request: 0.600063 seconds.
  path: Assets/Sceny/1080x1920.unity
  artifactKey: Guid(62020c660f44a0e4aad47200b4c50c08) Importer(815301076,1909f56bfc062723c751e8b465ee728b)
Start importing Assets/Sceny/1080x1920.unity using Guid(62020c660f44a0e4aad47200b4c50c08) Importer(815301076,1909f56bfc062723c751e8b465ee728b)  -> (artifact id: '9eb09a2d9b5da3544bf3fab7cc49940b') in 0.006371 seconds 
  Import took 0.011092 seconds .

========================================================================
Received Prepare
Registering precompiled user dll's ...
Registered in 0.004426 seconds.
Begin MonoManager ReloadAssembly
Native extension for WindowsStandalone target not found
Refreshing native plugins compatible for Editor in 1.23 ms, found 2 plugins.
Preloading 0 native plugins for Editor in 0.00 ms.
Mono: successfully reloaded assembly
- Completed reload, in  1.113 seconds
Domain Reload Profiling:
	ReloadAssembly (1113ms)
		BeginReloadAssembly (143ms)
			ExecutionOrderSort (0ms)
			DisableScriptedObjects (6ms)
			BackupInstance (0ms)
			ReleaseScriptingObjects (0ms)
			CreateAndSetChildDomain (51ms)
		EndReloadAssembly (919ms)
			LoadAssemblies (96ms)
			RebuildTransferFunctionScriptingTraits (0ms)
			SetupTypeCache (262ms)
			ReleaseScriptCaches (1ms)
			RebuildScriptCaches (37ms)
			SetupLoadedEditorAssemblies (420ms)
				LogAssemblyErrors (0ms)
				InitializePlatformSupportModulesInManaged (3ms)
				SetLoadedEditorAssemblies (0ms)
				RefreshPlugins (1ms)
				BeforeProcessingInitializeOnLoad (59ms)
				ProcessInitializeOnLoadAttributes (317ms)
				ProcessInitializeOnLoadMethodAttributes (32ms)
				AfterProcessingInitializeOnLoad (7ms)
				EditorAssembliesLoaded (0ms)
			ExecutionOrderSort2 (0ms)
			AwakeInstancesAfterBackupRestoration (14ms)
Platform modules already initialized, skipping
Refreshing native plugins compatible for Editor in 1.18 ms, found 2 plugins.
Preloading 0 native plugins for Editor in 0.00 ms.
Unloading 3580 Unused Serialized files (Serialized files now loaded: 0)
System memory in use before: 148.8 MB.
System memory in use after: 149.1 MB.

Unloading 93 unused Assets to reduce memory usage. Loaded Objects now: 4145.
Total: 4.973900 ms (FindLiveObjects: 0.247600 ms CreateObjectMapping: 0.072400 ms MarkObjects: 4.620000 ms  DeleteObjects: 0.033100 ms)

AssetImportParameters requested are different than current active one (requested -> active):
  custom:framework-win-MediaFoundation: 216162199b28c13a410421893ffa2e32 -> 
  custom:video-decoder-ogg-theora: a1e56fd34408186e4bbccfd4996cb3dc -> 
  custom:container-muxer-webm: aa71ff27fc2769a1b78a27578f13a17b -> 
  custom:container-demuxer-webm: 4f35f7cbe854078d1ac9338744f61a02 -> 
  custom:container-demuxer-ogg: 62fdf1f143b41e24485cea50d1cbac27 -> 
  custom:video-encoder-webm-vp8: eb34c28f22e8b96e1ab97ce403110664 -> 
  custom:video-decoder-webm-vp8: 9c59270c3fd7afecdb556c50c9e8de78 -> 
  custom:audio-decoder-ogg-vorbis: bf7c407c2cedff20999df2af8eb42d56 -> 
  custom:audio-encoder-webm-vorbis: bf7c407c2cedff20999df2af8eb42d56 -> 
========================================================================
Received Import Request.
  Time since last request: 292.053084 seconds.
  path: Assets/Skrypty/Debuger.cs
  artifactKey: Guid(d7403d835d85fc94cba40918d7900b6a) Importer(815301076,1909f56bfc062723c751e8b465ee728b)
Start importing Assets/Skrypty/Debuger.cs using Guid(d7403d835d85fc94cba40918d7900b6a) Importer(815301076,1909f56bfc062723c751e8b465ee728b)  -> (artifact id: '4edd9045a996ba4e58b400d5db06503b') in 0.017559 seconds 
  Import took 0.022925 seconds .

========================================================================
Received Import Request.
  Time since last request: 0.872981 seconds.
  path: Assets/Skrypty/Gameplay.cs
  artifactKey: Guid(905c572c0169188469f549983010fc30) Importer(815301076,1909f56bfc062723c751e8b465ee728b)
Start importing Assets/Skrypty/Gameplay.cs using Guid(905c572c0169188469f549983010fc30) Importer(815301076,1909f56bfc062723c751e8b465ee728b)  -> (artifact id: '29e562f171c4209b911b16e1526bd6cf') in 0.006067 seconds 
  Import took 0.010625 seconds .

========================================================================
Received Import Request.
  Time since last request: 0.442496 seconds.
  path: Assets/Skrypty/JebanySilnik.cs
  artifactKey: Guid(1c46d61342666d04c8bf94253b7c74f1) Importer(815301076,1909f56bfc062723c751e8b465ee728b)
Start importing Assets/Skrypty/JebanySilnik.cs using Guid(1c46d61342666d04c8bf94253b7c74f1) Importer(815301076,1909f56bfc062723c751e8b465ee728b)  -> (artifact id: '78be986ef95b680b3027e52d160a0286') in 0.006118 seconds 
  Import took 0.010697 seconds .

========================================================================
Received Import Request.
  Time since last request: 3.136363 seconds.
  path: Assets/Skrypty/ZmienneTag.cs
  artifactKey: Guid(cc000bfb41a42f8419a521c3cdb8e237) Importer(815301076,1909f56bfc062723c751e8b465ee728b)
Start importing Assets/Skrypty/ZmienneTag.cs using Guid(cc000bfb41a42f8419a521c3cdb8e237) Importer(815301076,1909f56bfc062723c751e8b465ee728b)  -> (artifact id: '5d5277f365e9607e185e0a8a74a4aa53') in 0.006086 seconds 
  Import took 0.010894 seconds .

========================================================================
Received Import Request.
  Time since last request: 64.256044 seconds.
  path: Assets/Skrypty/LaunchCounter.cs
  artifactKey: Guid(3c0ffbd84988cc842ba49b15a0b4d42e) Importer(815301076,1909f56bfc062723c751e8b465ee728b)
Start importing Assets/Skrypty/LaunchCounter.cs using Guid(3c0ffbd84988cc842ba49b15a0b4d42e) Importer(815301076,1909f56bfc062723c751e8b465ee728b)  -> (artifact id: '98beff31c8dccce047dd1173b38143de') in 0.006307 seconds 
  Import took 0.011016 seconds .

========================================================================
Received Import Request.
  Time since last request: 3.611698 seconds.
  path: Assets/Skrypty/PreloadSelectRes.cs
  artifactKey: Guid(2468498ec0b15534a96d3c4bec89a18c) Importer(815301076,1909f56bfc062723c751e8b465ee728b)
Start importing Assets/Skrypty/PreloadSelectRes.cs using Guid(2468498ec0b15534a96d3c4bec89a18c) Importer(815301076,1909f56bfc062723c751e8b465ee728b)  -> (artifact id: '8981c7fc0381b4d8b7de823790e40432') in 0.006469 seconds 
  Import took 0.011092 seconds .

========================================================================
Received Import Request.
  Time since last request: 1.317959 seconds.
  path: Assets/Skrypty/Reklamy.cs
  artifactKey: Guid(0bcb02f5109380940b5e3201c33374a1) Importer(815301076,1909f56bfc062723c751e8b465ee728b)
Start importing Assets/Skrypty/Reklamy.cs using Guid(0bcb02f5109380940b5e3201c33374a1) Importer(815301076,1909f56bfc062723c751e8b465ee728b)  -> (artifact id: '899c893ea304570af595d88f1f657fd3') in 0.005911 seconds 
  Import took 0.010639 seconds .

========================================================================
Received Import Request.
  Time since last request: 4.128068 seconds.
  path: Assets/Skrypty/SaveLoad.cs
  artifactKey: Guid(5c3fd36c4d0cae04aa547d8058139f1a) Importer(815301076,1909f56bfc062723c751e8b465ee728b)
Start importing Assets/Skrypty/SaveLoad.cs using Guid(5c3fd36c4d0cae04aa547d8058139f1a) Importer(815301076,1909f56bfc062723c751e8b465ee728b)  -> (artifact id: '55e488e2cba951534862ed9175c85f30') in 0.006027 seconds 
  Import took 0.010664 seconds .

========================================================================
Received Import Request.
  Time since last request: 4.598536 seconds.
  path: Assets/Skrypty/Shop.cs
  artifactKey: Guid(ffba2c7e56b92e64a8f8f0a8fe25ff0a) Importer(815301076,1909f56bfc062723c751e8b465ee728b)
Start importing Assets/Skrypty/Shop.cs using Guid(ffba2c7e56b92e64a8f8f0a8fe25ff0a) Importer(815301076,1909f56bfc062723c751e8b465ee728b)  -> (artifact id: 'b5891ffac835c0d38018d729df1a7305') in 0.006466 seconds 
  Import took 0.011269 seconds .

========================================================================
Received Import Request.
  Time since last request: 13.338835 seconds.
  path: Assets/Skrypty/Buttons.cs
  artifactKey: Guid(112e6c8f2c1b24d4e8b204f43d7c8e0e) Importer(815301076,1909f56bfc062723c751e8b465ee728b)
Start importing Assets/Skrypty/Buttons.cs using Guid(112e6c8f2c1b24d4e8b204f43d7c8e0e) Importer(815301076,1909f56bfc062723c751e8b465ee728b)  -> (artifact id: 'fdc58edcd347599b1982131b773d9581') in 0.006138 seconds 
  Import took 0.010809 seconds .

========================================================================
Received Import Request.
  Time since last request: 5.976819 seconds.
  path: Assets/Skrypty/Audio.cs
  artifactKey: Guid(39812d5d09432f044a81e457573dc02d) Importer(815301076,1909f56bfc062723c751e8b465ee728b)
Start importing Assets/Skrypty/Audio.cs using Guid(39812d5d09432f044a81e457573dc02d) Importer(815301076,1909f56bfc062723c751e8b465ee728b)  -> (artifact id: 'f9d5ea75e464e515083f644451d602b8') in 0.006571 seconds 
  Import took 0.011307 seconds .

========================================================================
Received Import Request.
  Time since last request: 2.076558 seconds.
  path: Assets/Skrypty/Quests
  artifactKey: Guid(a0f6482217dee4a468b5af94f64db307) Importer(815301076,1909f56bfc062723c751e8b465ee728b)
Start importing Assets/Skrypty/Quests using Guid(a0f6482217dee4a468b5af94f64db307) Importer(815301076,1909f56bfc062723c751e8b465ee728b)  -> (artifact id: 'fe2b2016e4c6071976bf58e32af9eb2b') in 0.006402 seconds 
  Import took 0.011101 seconds .

========================================================================
Received Import Request.
  Time since last request: 0.938427 seconds.
  path: Assets/Skrypty/Quests/QuestData.cs
  artifactKey: Guid(318cc4cf46142144ebded46e7faf7602) Importer(815301076,1909f56bfc062723c751e8b465ee728b)
Start importing Assets/Skrypty/Quests/QuestData.cs using Guid(318cc4cf46142144ebded46e7faf7602) Importer(815301076,1909f56bfc062723c751e8b465ee728b)  -> (artifact id: 'ca6a9a0e81935f7ff5717cb1d36a5cd8') in 0.006072 seconds 
  Import took 0.010820 seconds .

========================================================================
Received Import Request.
  Time since last request: 0.964067 seconds.
  path: Assets/Skrypty/Quests/QuestProgress.cs
  artifactKey: Guid(6dc238288ca3551418554e8066b69dd8) Importer(815301076,1909f56bfc062723c751e8b465ee728b)
Start importing Assets/Skrypty/Quests/QuestProgress.cs using Guid(6dc238288ca3551418554e8066b69dd8) Importer(815301076,1909f56bfc062723c751e8b465ee728b)  -> (artifact id: '510d121c52521ee10e96763ff0d11e26') in 0.006171 seconds 
  Import took 0.010760 seconds .

========================================================================
Received Import Request.
  Time since last request: 2.376713 seconds.
  path: Assets/Skrypty/Quests/QuestSave.cs
  artifactKey: Guid(934a2168065bf5347b1a2b253dffef3a) Importer(815301076,1909f56bfc062723c751e8b465ee728b)
Start importing Assets/Skrypty/Quests/QuestSave.cs using Guid(934a2168065bf5347b1a2b253dffef3a) Importer(815301076,1909f56bfc062723c751e8b465ee728b)  -> (artifact id: '79c6c28321cbda4a5f999a5f9f29c1da') in 0.006514 seconds 
  Import took 0.011257 seconds .

========================================================================
Received Import Request.
  Time since last request: 5.936014 seconds.
  path: Assets/Skrypty/Quests/QuestsController.cs
  artifactKey: Guid(28b2c2407b9dfb6499d14bb87c73d1c5) Importer(815301076,1909f56bfc062723c751e8b465ee728b)
Start importing Assets/Skrypty/Quests/QuestsController.cs using Guid(28b2c2407b9dfb6499d14bb87c73d1c5) Importer(815301076,1909f56bfc062723c751e8b465ee728b)  -> (artifact id: 'd825b5208f4a133a805fb50ced1a9d71') in 0.006147 seconds 
  Import took 0.010774 seconds .

========================================================================
Received Import Request.
  Time since last request: 1.416651 seconds.
  path: Assets/Skrypty/Quests/QuestSystem.cs
  artifactKey: Guid(46f456d39ddf12c4f97769328704f9e5) Importer(815301076,1909f56bfc062723c751e8b465ee728b)
Start importing Assets/Skrypty/Quests/QuestSystem.cs using Guid(46f456d39ddf12c4f97769328704f9e5) Importer(815301076,1909f56bfc062723c751e8b465ee728b)  -> (artifact id: '843a3b1409952328181c8a9d57df1ec0') in 0.006226 seconds 
  Import took 0.010878 seconds .

========================================================================
Received Import Request.
  Time since last request: 69.435553 seconds.
  path: Assets/Skrypty
  artifactKey: Guid(9805ba6d31377074c92e928f6e0caca3) Importer(815301076,1909f56bfc062723c751e8b465ee728b)
Start importing Assets/Skrypty using Guid(9805ba6d31377074c92e928f6e0caca3) Importer(815301076,1909f56bfc062723c751e8b465ee728b)  -> (artifact id: '0f2fc29c1e887a375ab2c701efe4027e') in 0.005910 seconds 
  Import took 0.011264 seconds .

========================================================================
Received Import Request.
  Time since last request: 74.024375 seconds.
  path: Assets/Skrypty/SilnikFix.cs
  artifactKey: Guid(1c46d61342666d04c8bf94253b7c74f1) Importer(815301076,1909f56bfc062723c751e8b465ee728b)
Start importing Assets/Skrypty/SilnikFix.cs using Guid(1c46d61342666d04c8bf94253b7c74f1) Importer(815301076,1909f56bfc062723c751e8b465ee728b)  -> (artifact id: 'e2b1dfe06f5c2b473cb1cba66f0e4953') in 0.006104 seconds 
  Import took 0.011067 seconds .

========================================================================
Received Prepare
Registering precompiled user dll's ...
Registered in 0.004468 seconds.
Begin MonoManager ReloadAssembly
Native extension for WindowsStandalone target not found
Refreshing native plugins compatible for Editor in 1.17 ms, found 2 plugins.
Preloading 0 native plugins for Editor in 0.00 ms.
Mono: successfully reloaded assembly
- Completed reload, in  1.031 seconds
Domain Reload Profiling:
	ReloadAssembly (1031ms)
		BeginReloadAssembly (103ms)
			ExecutionOrderSort (0ms)
			DisableScriptedObjects (5ms)
			BackupInstance (0ms)
			ReleaseScriptingObjects (0ms)
			CreateAndSetChildDomain (33ms)
		EndReloadAssembly (878ms)
			LoadAssemblies (91ms)
			RebuildTransferFunctionScriptingTraits (0ms)
			SetupTypeCache (236ms)
			ReleaseScriptCaches (1ms)
			RebuildScriptCaches (35ms)
			SetupLoadedEditorAssemblies (409ms)
				LogAssemblyErrors (0ms)
				InitializePlatformSupportModulesInManaged (3ms)
				SetLoadedEditorAssemblies (0ms)
				RefreshPlugins (1ms)
				BeforeProcessingInitializeOnLoad (58ms)
				ProcessInitializeOnLoadAttributes (308ms)
				ProcessInitializeOnLoadMethodAttributes (31ms)
				AfterProcessingInitializeOnLoad (6ms)
				EditorAssembliesLoaded (0ms)
			ExecutionOrderSort2 (0ms)
			AwakeInstancesAfterBackupRestoration (17ms)
Platform modules already initialized, skipping
Refreshing native plugins compatible for Editor in 1.13 ms, found 2 plugins.
Preloading 0 native plugins for Editor in 0.00 ms.
Unloading 3577 Unused Serialized files (Serialized files now loaded: 0)
System memory in use before: 148.8 MB.
System memory in use after: 149.1 MB.

Unloading 93 unused Assets to reduce memory usage. Loaded Objects now: 4147.
Total: 4.810000 ms (FindLiveObjects: 0.240500 ms CreateObjectMapping: 0.076200 ms MarkObjects: 4.461500 ms  DeleteObjects: 0.030800 ms)

AssetImportParameters requested are different than current active one (requested -> active):
  custom:framework-win-MediaFoundation: 216162199b28c13a410421893ffa2e32 -> 
  custom:video-decoder-ogg-theora: a1e56fd34408186e4bbccfd4996cb3dc -> 
  custom:container-muxer-webm: aa71ff27fc2769a1b78a27578f13a17b -> 
  custom:container-demuxer-webm: 4f35f7cbe854078d1ac9338744f61a02 -> 
  custom:container-demuxer-ogg: 62fdf1f143b41e24485cea50d1cbac27 -> 
  custom:video-encoder-webm-vp8: eb34c28f22e8b96e1ab97ce403110664 -> 
  custom:video-decoder-webm-vp8: 9c59270c3fd7afecdb556c50c9e8de78 -> 
  custom:audio-decoder-ogg-vorbis: bf7c407c2cedff20999df2af8eb42d56 -> 
  custom:audio-encoder-webm-vorbis: bf7c407c2cedff20999df2af8eb42d56 -> 
========================================================================
Received Prepare
Registering precompiled user dll's ...
Registered in 0.004546 seconds.
Begin MonoManager ReloadAssembly
Native extension for WindowsStandalone target not found
Refreshing native plugins compatible for Editor in 1.16 ms, found 2 plugins.
Preloading 0 native plugins for Editor in 0.00 ms.
Mono: successfully reloaded assembly
- Completed reload, in  1.058 seconds
Domain Reload Profiling:
	ReloadAssembly (1059ms)
		BeginReloadAssembly (103ms)
			ExecutionOrderSort (0ms)
			DisableScriptedObjects (5ms)
			BackupInstance (0ms)
			ReleaseScriptingObjects (0ms)
			CreateAndSetChildDomain (32ms)
		EndReloadAssembly (908ms)
			LoadAssemblies (92ms)
			RebuildTransferFunctionScriptingTraits (0ms)
			SetupTypeCache (238ms)
			ReleaseScriptCaches (1ms)
			RebuildScriptCaches (35ms)
			SetupLoadedEditorAssemblies (438ms)
				LogAssemblyErrors (0ms)
				InitializePlatformSupportModulesInManaged (3ms)
				SetLoadedEditorAssemblies (0ms)
				RefreshPlugins (1ms)
				BeforeProcessingInitializeOnLoad (59ms)
				ProcessInitializeOnLoadAttributes (336ms)
				ProcessInitializeOnLoadMethodAttributes (32ms)
				AfterProcessingInitializeOnLoad (6ms)
				EditorAssembliesLoaded (0ms)
			ExecutionOrderSort2 (0ms)
			AwakeInstancesAfterBackupRestoration (14ms)
Platform modules already initialized, skipping
Refreshing native plugins compatible for Editor in 1.17 ms, found 2 plugins.
Preloading 0 native plugins for Editor in 0.00 ms.
Unloading 3577 Unused Serialized files (Serialized files now loaded: 0)
System memory in use before: 148.9 MB.
System memory in use after: 149.1 MB.

Unloading 93 unused Assets to reduce memory usage. Loaded Objects now: 4149.
Total: 4.816300 ms (FindLiveObjects: 0.227400 ms CreateObjectMapping: 0.074200 ms MarkObjects: 4.481000 ms  DeleteObjects: 0.032600 ms)

AssetImportParameters requested are different than current active one (requested -> active):
  custom:framework-win-MediaFoundation: 216162199b28c13a410421893ffa2e32 -> 
  custom:video-decoder-ogg-theora: a1e56fd34408186e4bbccfd4996cb3dc -> 
  custom:container-muxer-webm: aa71ff27fc2769a1b78a27578f13a17b -> 
  custom:container-demuxer-webm: 4f35f7cbe854078d1ac9338744f61a02 -> 
  custom:container-demuxer-ogg: 62fdf1f143b41e24485cea50d1cbac27 -> 
  custom:video-encoder-webm-vp8: eb34c28f22e8b96e1ab97ce403110664 -> 
  custom:video-decoder-webm-vp8: 9c59270c3fd7afecdb556c50c9e8de78 -> 
  custom:audio-decoder-ogg-vorbis: bf7c407c2cedff20999df2af8eb42d56 -> 
  custom:audio-encoder-webm-vorbis: bf7c407c2cedff20999df2af8eb42d56 -> 
========================================================================
Received Prepare
Registering precompiled user dll's ...
Registered in 0.004329 seconds.
Begin MonoManager ReloadAssembly
Native extension for WindowsStandalone target not found
Refreshing native plugins compatible for Editor in 1.20 ms, found 2 plugins.
Preloading 0 native plugins for Editor in 0.00 ms.
Mono: successfully reloaded assembly
- Completed reload, in  1.028 seconds
Domain Reload Profiling:
	ReloadAssembly (1028ms)
		BeginReloadAssembly (104ms)
			ExecutionOrderSort (0ms)
			DisableScriptedObjects (5ms)
			BackupInstance (0ms)
			ReleaseScriptingObjects (0ms)
			CreateAndSetChildDomain (35ms)
		EndReloadAssembly (876ms)
			LoadAssemblies (92ms)
			RebuildTransferFunctionScriptingTraits (0ms)
			SetupTypeCache (235ms)
			ReleaseScriptCaches (1ms)
			RebuildScriptCaches (35ms)
			SetupLoadedEditorAssemblies (411ms)
				LogAssemblyErrors (0ms)
				InitializePlatformSupportModulesInManaged (3ms)
				SetLoadedEditorAssemblies (0ms)
				RefreshPlugins (1ms)
				BeforeProcessingInitializeOnLoad (58ms)
				ProcessInitializeOnLoadAttributes (311ms)
				ProcessInitializeOnLoadMethodAttributes (30ms)
				AfterProcessingInitializeOnLoad (6ms)
				EditorAssembliesLoaded (0ms)
			ExecutionOrderSort2 (0ms)
			AwakeInstancesAfterBackupRestoration (14ms)
Platform modules already initialized, skipping
Refreshing native plugins compatible for Editor in 1.14 ms, found 2 plugins.
Preloading 0 native plugins for Editor in 0.00 ms.
Unloading 3577 Unused Serialized files (Serialized files now loaded: 0)
System memory in use before: 148.9 MB.
System memory in use after: 149.1 MB.

Unloading 93 unused Assets to reduce memory usage. Loaded Objects now: 4151.
Total: 4.912700 ms (FindLiveObjects: 0.249500 ms CreateObjectMapping: 0.073800 ms MarkObjects: 4.555200 ms  DeleteObjects: 0.033100 ms)

AssetImportParameters requested are different than current active one (requested -> active):
  custom:framework-win-MediaFoundation: 216162199b28c13a410421893ffa2e32 -> 
  custom:video-decoder-ogg-theora: a1e56fd34408186e4bbccfd4996cb3dc -> 
  custom:container-muxer-webm: aa71ff27fc2769a1b78a27578f13a17b -> 
  custom:container-demuxer-webm: 4f35f7cbe854078d1ac9338744f61a02 -> 
  custom:container-demuxer-ogg: 62fdf1f143b41e24485cea50d1cbac27 -> 
  custom:video-encoder-webm-vp8: eb34c28f22e8b96e1ab97ce403110664 -> 
  custom:video-decoder-webm-vp8: 9c59270c3fd7afecdb556c50c9e8de78 -> 
  custom:audio-decoder-ogg-vorbis: bf7c407c2cedff20999df2af8eb42d56 -> 
  custom:audio-encoder-webm-vorbis: bf7c407c2cedff20999df2af8eb42d56 -> 
========================================================================
Received Import Request.
  Time since last request: 113.087587 seconds.
  path: Assets/Sceny/1125x2436.unity
  artifactKey: Guid(6fe067df8a009964dbf7a3acc035509b) Importer(815301076,1909f56bfc062723c751e8b465ee728b)
Start importing Assets/Sceny/1125x2436.unity using Guid(6fe067df8a009964dbf7a3acc035509b) Importer(815301076,1909f56bfc062723c751e8b465ee728b)  -> (artifact id: 'fb2af1d944ab1bc026edb24aa4f9045b') in 0.024463 seconds 
  Import took 0.029310 seconds .

========================================================================
Received Prepare
Registering precompiled user dll's ...
Registered in 0.004370 seconds.
Begin MonoManager ReloadAssembly
Native extension for WindowsStandalone target not found
Refreshing native plugins compatible for Editor in 1.11 ms, found 2 plugins.
Preloading 0 native plugins for Editor in 0.00 ms.
Mono: successfully reloaded assembly
- Completed reload, in  1.023 seconds
Domain Reload Profiling:
	ReloadAssembly (1023ms)
		BeginReloadAssembly (101ms)
			ExecutionOrderSort (0ms)
			DisableScriptedObjects (5ms)
			BackupInstance (0ms)
			ReleaseScriptingObjects (0ms)
			CreateAndSetChildDomain (32ms)
		EndReloadAssembly (873ms)
			LoadAssemblies (93ms)
			RebuildTransferFunctionScriptingTraits (0ms)
			SetupTypeCache (234ms)
			ReleaseScriptCaches (1ms)
			RebuildScriptCaches (35ms)
			SetupLoadedEditorAssemblies (407ms)
				LogAssemblyErrors (0ms)
				InitializePlatformSupportModulesInManaged (3ms)
				SetLoadedEditorAssemblies (0ms)
				RefreshPlugins (1ms)
				BeforeProcessingInitializeOnLoad (58ms)
				ProcessInitializeOnLoadAttributes (307ms)
				ProcessInitializeOnLoadMethodAttributes (31ms)
				AfterProcessingInitializeOnLoad (7ms)
				EditorAssembliesLoaded (0ms)
			ExecutionOrderSort2 (0ms)
			AwakeInstancesAfterBackupRestoration (17ms)
Platform modules already initialized, skipping
Refreshing native plugins compatible for Editor in 1.11 ms, found 2 plugins.
Preloading 0 native plugins for Editor in 0.00 ms.
Unloading 3577 Unused Serialized files (Serialized files now loaded: 0)
System memory in use before: 148.9 MB.
System memory in use after: 149.1 MB.

Unloading 93 unused Assets to reduce memory usage. Loaded Objects now: 4153.
Total: 4.749300 ms (FindLiveObjects: 0.219100 ms CreateObjectMapping: 0.088300 ms MarkObjects: 4.411900 ms  DeleteObjects: 0.029000 ms)

AssetImportParameters requested are different than current active one (requested -> active):
  custom:framework-win-MediaFoundation: 216162199b28c13a410421893ffa2e32 -> 
  custom:video-decoder-ogg-theora: a1e56fd34408186e4bbccfd4996cb3dc -> 
  custom:container-muxer-webm: aa71ff27fc2769a1b78a27578f13a17b -> 
  custom:container-demuxer-webm: 4f35f7cbe854078d1ac9338744f61a02 -> 
  custom:container-demuxer-ogg: 62fdf1f143b41e24485cea50d1cbac27 -> 
  custom:video-encoder-webm-vp8: eb34c28f22e8b96e1ab97ce403110664 -> 
  custom:video-decoder-webm-vp8: 9c59270c3fd7afecdb556c50c9e8de78 -> 
  custom:audio-decoder-ogg-vorbis: bf7c407c2cedff20999df2af8eb42d56 -> 
  custom:audio-encoder-webm-vorbis: bf7c407c2cedff20999df2af8eb42d56 -> 
AssetImportWorkerClient::OnTransportError - code=2 error=End of file
